<?xml version="1.0" encoding="UTF-8"?>
<!-- Generated by org.testng.reporters.JUnitReportReporter -->
<testsuite skipped="1" hostname="TSQA-L018" name="servicenowpages.ProjectSpec" tests="1" failures="0" timestamp="24 Oct 2019 05:03:13 GMT" time="0.000" errors="0">
  <testcase name="SN_createIncident" time="0.000" classname="servicenowpages.ProjectSpec">
    <skipped/>
  </testcase> <!-- SN_createIncident -->
</testsuite> <!-- servicenowpages.ProjectSpec -->
